android/build/outputs/logs/manifest-merger-debug-report.txt
-- Merging decision tree log ---
manifest
ADDED from src/main/AndroidManifest.xml:2:1-13:12
INJECTED from src/main/AndroidManifest.xml:2:1-13:12
INJECTED from src/main/AndroidManifest.xml:2:1-13:12
INJECTED from src/main/AndroidManifest.xml:2:1-13:12
INJECTED from src/main/AndroidManifest.xml:2:1-13:12
INJECTED from src/main/AndroidManifest.xml:2:1-13:12
INJECTED from src/main/AndroidManifest.xml:2:1-13:12
	package
		ADDED from src/main/AndroidManifest.xml:3:1-40
		INJECTED from src/main/AndroidManifest.xml
		INJECTED from src/main/AndroidManifest.xml
	android:versionName
		INJECTED from src/main/AndroidManifest.xml
		ADDED from src/main/AndroidManifest.xml:2:1-13:12
		INJECTED from src/main/AndroidManifest.xml
	android:versionCode
		INJECTED from src/main/AndroidManifest.xml
		ADDED from src/main/AndroidManifest.xml:2:1-13:12
		INJECTED from src/main/AndroidManifest.xml
	xmlns:android
		ADDED from src/main/AndroidManifest.xml:2:11-69
application
ADDED from src/main/AndroidManifest.xml:4:1-12:15
provider#com.jobeso.RNWhatsAppStickers.StickerContentProvider
ADDED from src/main/AndroidManifest.xml:5:5-10:62
	android:readPermission
		ADDED from src/main/AndroidManifest.xml:10:9-59
	android:enabled
		ADDED from src/main/AndroidManifest.xml:8:9-31
	android:authorities
		ADDED from src/main/AndroidManifest.xml:7:9-70
	android:exported
		ADDED from src/main/AndroidManifest.xml:9:9-32
	android:name
		ADDED from src/main/AndroidManifest.xml:6:9-47
uses-sdk
INJECTED from src/main/AndroidManifest.xml reason: use-sdk injection requested
INJECTED from src/main/AndroidManifest.xml
INJECTED from src/main/AndroidManifest.xml
INJECTED from src/main/AndroidManifest.xml
INJECTED from src/main/AndroidManifest.xml
	android:targetSdkVersion
		INJECTED from src/main/AndroidManifest.xml
		ADDED from src/main/AndroidManifest.xml
		INJECTED from src/main/AndroidManifest.xml
	android:minSdkVersion
		INJECTED from src/main/AndroidManifest.xml
		ADDED from src/main/AndroidManifest.xml
		INJECTED from src/main/AndroidManifest.xml